FILE [INFO ] 04 Feb 2022 16:25:49,666 main SortManager Logger - SortManager started successfully.
FILE [INFO ] 04 Feb 2022 16:25:49,678 main SortManager Logger - Random array [intsArray] of integers initialized correctly.
FILE [INFO ] 04 Feb 2022 16:25:59,240 main SortManager Logger - User chose Bubble Sort.
FILE [INFO ] 04 Feb 2022 16:25:59,241 main SortManager Logger - Successfully created BubbleSort instance.
FILE [INFO ] 04 Feb 2022 16:25:59,242 main SortManager Logger - Calling bubbleSort method...
FILE [INFO ] 04 Feb 2022 16:25:59,242 main SortManager Logger - User chose Bubble Sort.
FILE [INFO ] 04 Feb 2022 16:25:59,243 main SortManager Logger - Successfully created BubbleSort instance.
FILE [INFO ] 04 Feb 2022 16:25:59,243 main SortManager Logger - Calling bubbleSort method...
FILE [INFO ] 04 Feb 2022 16:25:59,244 main SortManager Logger - Successfully wrote timing to the file.
FILE [INFO ] 04 Feb 2022 16:25:59,246 main SortManager Logger - Result displayed correctly.
FILE [INFO ] 04 Feb 2022 16:25:59,246 main SortManager Logger - SortManager started successfully.
FILE [INFO ] 04 Feb 2022 16:25:59,246 main SortManager Logger - Random array [intsArray] of integers initialized correctly.
FILE [INFO ] 04 Feb 2022 16:26:01,033 main SortManager Logger - User chose Merge Sort.
FILE [INFO ] 04 Feb 2022 16:26:01,034 main SortManager Logger - Successfully create MergeSort instance.
FILE [INFO ] 04 Feb 2022 16:26:01,035 main SortManager Logger - User chose Merge Sort.
FILE [INFO ] 04 Feb 2022 16:26:01,035 main SortManager Logger - Successfully create MergeSort instance.
FILE [INFO ] 04 Feb 2022 16:26:01,036 main SortManager Logger - Successfully wrote timing to the file.
FILE [INFO ] 04 Feb 2022 16:26:01,041 main SortManager Logger - Result displayed correctly.
FILE [INFO ] 04 Feb 2022 16:26:01,042 main SortManager Logger - SortManager started successfully.
FILE [INFO ] 04 Feb 2022 16:26:01,042 main SortManager Logger - Random array [intsArray] of integers initialized correctly.
FILE [INFO ] 04 Feb 2022 16:26:03,174 main SortManager Logger - User chose Binary Search Tree Sort.
FILE [INFO ] 04 Feb 2022 16:26:03,174 main SortManager Logger - Successfully create Binary Search Tree Sort instance.
FILE [INFO ] 04 Feb 2022 16:26:03,175 main SortManager Logger - Calling treeSort method...
FILE [INFO ] 04 Feb 2022 16:26:03,177 main SortManager Logger - User chose Binary Search Tree Sort.
FILE [INFO ] 04 Feb 2022 16:26:03,177 main SortManager Logger - Successfully create Binary Search Tree Sort instance.
FILE [INFO ] 04 Feb 2022 16:26:03,177 main SortManager Logger - Calling treeSort method...
FILE [INFO ] 04 Feb 2022 16:26:03,177 main SortManager Logger - Successfully wrote timing to the file.
FILE [INFO ] 04 Feb 2022 16:26:03,178 main SortManager Logger - SortManager started successfully.
FILE [INFO ] 04 Feb 2022 16:26:03,178 main SortManager Logger - Random array [intsArray] of integers initialized correctly.
FILE [INFO ] 04 Feb 2022 16:26:05,726 main SortManager Logger - User chose Bubble Sort.
FILE [INFO ] 04 Feb 2022 16:26:05,726 main SortManager Logger - Successfully created BubbleSort instance.
FILE [INFO ] 04 Feb 2022 16:26:05,726 main SortManager Logger - Calling bubbleSort method...
FILE [INFO ] 04 Feb 2022 16:26:05,726 main SortManager Logger - User chose Bubble Sort.
FILE [INFO ] 04 Feb 2022 16:26:05,726 main SortManager Logger - Successfully created BubbleSort instance.
FILE [INFO ] 04 Feb 2022 16:26:05,726 main SortManager Logger - Calling bubbleSort method...
FILE [INFO ] 04 Feb 2022 16:26:05,727 main SortManager Logger - Successfully wrote timing to the file.
FILE [INFO ] 04 Feb 2022 16:26:05,727 main SortManager Logger - Result displayed correctly.
FILE [INFO ] 04 Feb 2022 16:26:05,727 main SortManager Logger - SortManager started successfully.
FILE [INFO ] 04 Feb 2022 16:26:05,727 main SortManager Logger - Random array [intsArray] of integers initialized correctly.
FILE [INFO ] 04 Feb 2022 16:26:06,813 main SortManager Logger - User chose Merge Sort.
FILE [INFO ] 04 Feb 2022 16:26:06,814 main SortManager Logger - Successfully create MergeSort instance.
FILE [INFO ] 04 Feb 2022 16:26:06,814 main SortManager Logger - User chose Merge Sort.
FILE [INFO ] 04 Feb 2022 16:26:06,814 main SortManager Logger - Successfully create MergeSort instance.
FILE [INFO ] 04 Feb 2022 16:26:06,814 main SortManager Logger - Successfully wrote timing to the file.
FILE [INFO ] 04 Feb 2022 16:26:06,815 main SortManager Logger - Result displayed correctly.
FILE [INFO ] 04 Feb 2022 16:26:06,815 main SortManager Logger - SortManager started successfully.
FILE [INFO ] 04 Feb 2022 16:26:06,815 main SortManager Logger - Random array [intsArray] of integers initialized correctly.
FILE [INFO ] 04 Feb 2022 16:26:08,246 main SortManager Logger - User chose Binary Search Tree Sort.
FILE [INFO ] 04 Feb 2022 16:26:08,246 main SortManager Logger - Successfully create Binary Search Tree Sort instance.
FILE [INFO ] 04 Feb 2022 16:26:08,246 main SortManager Logger - Calling treeSort method...
FILE [INFO ] 04 Feb 2022 16:26:08,246 main SortManager Logger - User chose Binary Search Tree Sort.
FILE [INFO ] 04 Feb 2022 16:26:08,246 main SortManager Logger - Successfully create Binary Search Tree Sort instance.
FILE [INFO ] 04 Feb 2022 16:26:08,246 main SortManager Logger - Calling treeSort method...
FILE [INFO ] 04 Feb 2022 16:26:08,247 main SortManager Logger - Successfully wrote timing to the file.
FILE [INFO ] 04 Feb 2022 16:26:08,247 main SortManager Logger - SortManager started successfully.
FILE [INFO ] 04 Feb 2022 16:26:08,247 main SortManager Logger - Random array [intsArray] of integers initialized correctly.
FILE [INFO ] 04 Feb 2022 16:26:09,870 main SortManager Logger - User chose to exit.
FILE [INFO ] 04 Feb 2022 16:35:32,440 main SortManager Logger - Calling treeSort method...
FILE [INFO ] 04 Feb 2022 16:36:18,145 main SortManager Logger - SortManager started successfully.
FILE [INFO ] 04 Feb 2022 16:36:18,156 main SortManager Logger - Random array [intsArray] of integers initialized correctly.
FILE [INFO ] 04 Feb 2022 16:36:26,734 main SortManager Logger - User chose Bubble Sort.
FILE [INFO ] 04 Feb 2022 16:36:26,735 main SortManager Logger - Successfully created BubbleSort instance.
FILE [INFO ] 04 Feb 2022 16:36:26,735 main SortManager Logger - Calling bubbleSort method...
FILE [INFO ] 04 Feb 2022 16:36:26,736 main SortManager Logger - User chose Bubble Sort.
FILE [INFO ] 04 Feb 2022 16:36:26,736 main SortManager Logger - Successfully created BubbleSort instance.
FILE [INFO ] 04 Feb 2022 16:36:26,736 main SortManager Logger - Calling bubbleSort method...
FILE [INFO ] 04 Feb 2022 16:36:26,737 main SortManager Logger - Successfully wrote timing to the file.
FILE [INFO ] 04 Feb 2022 16:36:26,739 main SortManager Logger - Result displayed correctly.
FILE [INFO ] 04 Feb 2022 16:36:26,739 main SortManager Logger - SortManager started successfully.
FILE [INFO ] 04 Feb 2022 16:36:26,739 main SortManager Logger - Random array [intsArray] of integers initialized correctly.
FILE [INFO ] 04 Feb 2022 16:37:08,831 main SortManager Logger - User chose to exit.
FILE [INFO ] 04 Feb 2022 16:37:19,834 main SortManager Logger - Calling treeSort method...
FILE [INFO ] 04 Feb 2022 18:01:12,682 main SortManager Logger - Calling treeSort method...
FILE [INFO ] 04 Feb 2022 18:02:14,170 main SortManager Logger - Calling treeSort method...
FILE [INFO ] 04 Feb 2022 18:02:22,263 main SortManager Logger - User chose Merge Sort.
FILE [INFO ] 04 Feb 2022 18:02:22,265 main SortManager Logger - Successfully create MergeSort instance.
FILE [INFO ] 04 Feb 2022 18:02:22,276 main SortManager Logger - User chose Bubble Sort.
FILE [INFO ] 04 Feb 2022 18:02:22,276 main SortManager Logger - Successfully created BubbleSort instance.
FILE [INFO ] 04 Feb 2022 18:02:22,282 main SortManager Logger - Calling treeSort method...
FILE [INFO ] 04 Feb 2022 18:02:22,304 main SortManager Logger - Calling bubbleSort method...
FILE [INFO ] 04 Feb 2022 18:02:22,306 main SortManager Logger - Calling bubbleSort method...
FILE [INFO ] 04 Feb 2022 18:02:22,308 main SortManager Logger - Calling bubbleSort method...
FILE [INFO ] 04 Feb 2022 18:02:22,311 main SortManager Logger - Calling bubbleSort method...
FILE [INFO ] 04 Feb 2022 18:02:38,684 main SortManager Logger - User chose Merge Sort.
FILE [INFO ] 04 Feb 2022 18:02:38,689 main SortManager Logger - Successfully create MergeSort instance.
FILE [INFO ] 04 Feb 2022 18:02:38,699 main SortManager Logger - User chose Bubble Sort.
FILE [INFO ] 04 Feb 2022 18:02:38,699 main SortManager Logger - Successfully created BubbleSort instance.
FILE [INFO ] 04 Feb 2022 18:02:38,705 main SortManager Logger - Calling treeSort method...
FILE [INFO ] 04 Feb 2022 18:02:38,724 main SortManager Logger - Calling bubbleSort method...
FILE [INFO ] 04 Feb 2022 18:02:38,727 main SortManager Logger - Calling bubbleSort method...
FILE [INFO ] 04 Feb 2022 18:02:38,729 main SortManager Logger - Calling bubbleSort method...
FILE [INFO ] 04 Feb 2022 18:02:38,733 main SortManager Logger - Calling bubbleSort method...
